<?xml version="1.0" encoding="UTF-8"?>
<!-- Generated by org.testng.reporters.JUnitXMLReporter -->
<testsuite hostname="NEWT-PBS174" name="LoginTest" tests="2" failures="1" timestamp="23 May 2018 06:14:50 GMT" time="0.034" errors="0">
  <testcase name="loginByEmail" time="0.011" classname="com.listeners.LoginTest"/>
  <testcase name="loginByFacebook" time="0.002" classname="com.listeners.LoginTest">
    <failure type="java.lang.AssertionError" message="expected [420] but found [123]">
      <![CDATA[java.lang.AssertionError: expected [420] but found [123]
	at com.listeners.LoginTest.loginByFacebook(LoginTest.java:18)
... Removed 30 stack frames]]>
    </failure>
  </testcase> <!-- loginByFacebook -->
</testsuite> <!-- LoginTest -->
