<?xml version="1.0" encoding="UTF-8"?>
<!-- Generated by org.testng.reporters.JUnitXMLReporter -->
<testsuite hostname="NEWT-PBS174" name="Chrome_Browser" tests="5" failures="0" timestamp="31 May 2018 09:37:23 GMT" time="20.833" errors="0">
  <testcase name="checkUser" time="11.392" classname="com.pagefactory.testcases.SignIn">
    <skipped/>
  </testcase> <!-- checkUser -->
  <testcase name="checkUser" time="9.392" classname="com.pagefactory.testcases.SignIn"/>
  <testcase name="book" time="0.0" classname="com.pagefactory.testcases.FlightBook">
    <skipped/>
  </testcase> <!-- book -->
  <testcase name="check" time="0.0" classname="com.pagefactory.testcases.FlightSelect">
    <skipped/>
  </testcase> <!-- check -->
  <testcase name="ticket" time="0.001" classname="com.pagefactory.testcases.TicketBook">
    <skipped/>
  </testcase> <!-- ticket -->
</testsuite> <!-- Chrome_Browser -->
